modules/my-ar-screenshot/android/build/intermediates/manifest_merge_blame_file/debug/processDebugManifest/manifest-merger-blame-debug-report.txt
1<?xml version="1.0" encoding="utf-8"?>
2<manifest xmlns:android="http://schemas.android.com/apk/res/android"
3    package="expo.modules.myarscreenshot" >
4
5    <uses-sdk android:minSdkVersion="24" />
6
7    <uses-permission android:name="android.permission.FOREGROUND_SERVICE" />
7-->src/main/AndroidManifest.xml:4:5-77
7-->src/main/AndroidManifest.xml:4:22-74
8    <uses-permission android:name="android.permission.FOREGROUND_SERVICE_MEDIA_PROJECTION" />
8-->src/main/AndroidManifest.xml:5:5-94
8-->src/main/AndroidManifest.xml:5:22-91
9
10    <application>
10-->src/main/AndroidManifest.xml:7:5-13:19
11        <service
11-->src/main/AndroidManifest.xml:8:9-12:40
12            android:name="expo.modules.myarscreenshot.MediaProjectionService"
12-->src/main/AndroidManifest.xml:9:13-51
13            android:enabled="true"
13-->src/main/AndroidManifest.xml:10:13-35
14            android:exported="false"
14-->src/main/AndroidManifest.xml:12:13-37
15            android:foregroundServiceType="mediaProjection" />
15-->src/main/AndroidManifest.xml:11:13-60
16    </application>
17
18</manifest>